{"name": "test_imágenes", "status": "failed", "statusDetails": {"message": "AssertionError: assert (100 < 16)", "trace": "def test_imágenes():\n        # Abre el navegador\n        funciones.getURL(ruta.URL)\n    \n        # Obtiene las medidas la imagen 1\n        imagen1 = funciones.searchXP(ruta.imagen1)\n        ancho_imagen = imagen1.size['width']\n        alto_imagen = imagen1.size['height']\n        print(\"ancho \" + str(ancho_imagen) + \" Alto \" + str(alto_imagen))\n    \n        # Válida que la imagen1 tenga el tamaño esperado (ni muy grande ni muy pequeña)\n        assert (300 < ancho_imagen < 500) and (80 < alto_imagen < 160)\n    \n        # Obtiene las medidas la imagen 2\n        imagen2 = funciones.searchXP(ruta.imagen2)\n        ancho_imagen2 = imagen2.size['width']\n        alto_imagen2 = imagen2.size['height']\n        print(\"ancho \" + str(ancho_imagen2) + \" Alto \" + str(alto_imagen2))\n    \n    \n        # Válida que la imagen2 tenga el tamaño esperado (ni muy grande ni muy pequeña)\n>       assert (100 < ancho_imagen2 < 500) and (50 < alto_imagen2 < 250)\nE       assert (100 < 16)\n\nElements\\Test\\test_BrokenLink.py:56: AssertionError"}, "start": 1681295977633, "stop": 1681295980520, "uuid": "4f34f32e-1c45-4fb5-bcd2-d393bec57b50", "historyId": "dc861fc90f5b7b9698f7347cd8a7ef68", "testCaseId": "4f1697864b79b50a2ba280e9ee66d3dc", "fullName": "Elements.Test.test_BrokenLink#test_imágenes", "labels": [{"name": "parentSuite", "value": "Elements.Test"}, {"name": "suite", "value": "test_BrokenLink"}, {"name": "host", "value": "LES008954"}, {"name": "thread", "value": "28348-MainThread"}, {"name": "framework", "value": "pytest"}, {"name": "language", "value": "cpython3"}, {"name": "package", "value": "Elements.Test.test_BrokenLink"}]}